#
# There is insufficient memory for the Java Runtime Environment to continue.
# Native memory allocation (mmap) failed to map 534773760 bytes for Failed to commit area from 0x0000000602200000 to 0x0000000622000000 of length 534773760.
# Possible reasons:
#   The system is out of physical RAM or swap space
#   The process is running with CompressedOops enabled, and the Java Heap may be blocking the growth of the native heap
# Possible solutions:
#   Reduce memory load on the system
#   Increase physical memory or swap space
#   Check if swap backing store is full
#   Decrease Java heap size (-Xmx/-Xms)
#   Decrease number of Java threads
#   Decrease Java thread stack sizes (-Xss)
#   Set larger code cache with -XX:ReservedCodeCacheSize=
# This output file may be truncated or incomplete.
#
#  Out of Memory Error (./src/hotspot/os/windows/os_windows.cpp:3301), pid=27444, tid=26920
#
# JRE version:  (11.0.10+8) (build )
# Java VM: OpenJDK 64-Bit Server VM (11.0.10+8-b1145.96, mixed mode, sharing, tiered, compressed oops, g1 gc, windows-amd64)
# No core dump will be written. Minidumps are not enabled by default on client versions of Windows
#

---------------  S U M M A R Y ------------

Command Line: org.jetbrains.git4idea.http.GitAskPassApp Username for 'https://github.com': 

Host: Intel(R) Core(TM) i7-7700K CPU @ 4.20GHz, 8 cores, 31G,  Windows 10 , 64 bit Build 19041 (10.0.19041.928)
Time: Sat May 29 11:11:32 2021 Paris, Madrid (heure d’été) elapsed time: 0.010804 seconds (0d 0h 0m 0s)

---------------  T H R E A D  ---------------

Current thread (0x0000028f092b3000):  JavaThread "Unknown thread" [_thread_in_vm, id=26920, stack(0x000000bb87100000,0x000000bb87200000)]

Stack: [0x000000bb87100000,0x000000bb87200000]
Native frames: (J=compiled Java code, j=interpreted, Vv=VM code, C=native code)
V  [jvm.dll+0x5ece6a]
V  [jvm.dll+0x722cd5]
V  [jvm.dll+0x72422d]
V  [jvm.dll+0x7248e3]
V  [jvm.dll+0x2428d8]
V  [jvm.dll+0x5ea244]
V  [jvm.dll+0x5df2e5]
V  [jvm.dll+0x2fdddb]
V  [jvm.dll+0x2fdd4a]
V  [jvm.dll+0x2fdc22]
V  [jvm.dll+0x302b06]
V  [jvm.dll+0x34b033]
V  [jvm.dll+0x34b736]
V  [jvm.dll+0x34b133]
V  [jvm.dll+0x2d87d8]
V  [jvm.dll+0x2d9987]
V  [jvm.dll+0x701817]
V  [jvm.dll+0x70300c]
V  [jvm.dll+0x3585a9]
V  [jvm.dll+0x6e516e]
V  [jvm.dll+0x3c09e3]
V  [jvm.dll+0x3c2c71]
C  [jli.dll+0x5373]
C  [ucrtbase.dll+0x21bb2]
C  [KERNEL32.DLL+0x17034]
C  [ntdll.dll+0x52651]


---------------  P R O C E S S  ---------------

Threads class SMR info:
_java_thread_list=0x0000028f07154eb0, length=0, elements={
}

Java Threads: ( => current thread )

Other Threads:
  0x0000028f0722c800 GCTaskThread "GC Thread#0" [stack: 0x000000bb87200000,0x000000bb87300000] [id=27796]
  0x0000028f09349000 ConcurrentGCThread "G1 Main Marker" [stack: 0x000000bb87300000,0x000000bb87400000] [id=22356]
  0x0000028f0934b800 ConcurrentGCThread "G1 Conc#0" [stack: 0x000000bb87400000,0x000000bb87500000] [id=29188]

[error occurred during error reporting (printing all threads), id 0xc0000005, EXCEPTION_ACCESS_VIOLATION (0xc0000005) at pc=0x00007ffe90b88db7]

VM state:not at safepoint (not fully initialized)

VM Mutex/Monitor currently owned by a thread:  ([mutex/lock_event])
[0x0000028f092ae930] Heap_lock - owner thread: 0x0000028f092b3000

Heap address: 0x0000000602200000, size: 8158 MB, Compressed Oops mode: Non-zero based: 0x0000000602200000
Narrow klass base: 0x0000000000000000, Narrow klass shift: 0

GC Heap History (0 events):
No events

Deoptimization events (0 events):
No events

Classes redefined (0 events):
No events

Internal exceptions (0 events):
No events

Events (1 events):
Event: 0.006 Loaded shared library C:\Program Files\JetBrains\PhpStorm 2020.3.3\jbr\bin\zip.dll


Dynamic libraries:
0x00007ff7ab1d0000 - 0x00007ff7ab1da000 	C:\Program Files\JetBrains\PhpStorm 2020.3.3\jbr\bin\java.exe
0x00007fff14bd0000 - 0x00007fff14dc5000 	C:\WINDOWS\SYSTEM32\ntdll.dll
0x00007fff14950000 - 0x00007fff14a0d000 	C:\WINDOWS\System32\KERNEL32.DLL
0x00007fff12880000 - 0x00007fff12b48000 	C:\WINDOWS\System32\KERNELBASE.dll
0x00007fff12750000 - 0x00007fff12850000 	C:\WINDOWS\System32\ucrtbase.dll
0x00007fff0a720000 - 0x00007fff0a739000 	C:\Program Files\JetBrains\PhpStorm 2020.3.3\jbr\bin\jli.dll
0x00007fff0a790000 - 0x00007fff0a7a7000 	C:\Program Files\JetBrains\PhpStorm 2020.3.3\jbr\bin\VCRUNTIME140.dll
0x00007fff14290000 - 0x00007fff14430000 	C:\WINDOWS\System32\USER32.dll
0x00007fff12c00000 - 0x00007fff12c22000 	C:\WINDOWS\System32\win32u.dll
0x00007ffefd070000 - 0x00007ffefd30a000 	C:\WINDOWS\WinSxS\amd64_microsoft.windows.common-controls_6595b64144ccf1df_6.0.19041.844_none_ca00b6081b84eb1d\COMCTL32.dll
0x00007fff14260000 - 0x00007fff1428a000 	C:\WINDOWS\System32\GDI32.dll
0x00007fff14af0000 - 0x00007fff14b8e000 	C:\WINDOWS\System32\msvcrt.dll
0x00007fff12490000 - 0x00007fff1259b000 	C:\WINDOWS\System32\gdi32full.dll
0x00007fff12370000 - 0x00007fff1240d000 	C:\WINDOWS\System32\msvcp_win.dll
0x00007fff12e60000 - 0x00007fff12e90000 	C:\WINDOWS\System32\IMM32.DLL
0x00007ffec3c40000 - 0x00007ffec3cdd000 	C:\Program Files\JetBrains\PhpStorm 2020.3.3\jbr\bin\msvcp140.dll
0x00007ffe908a0000 - 0x00007ffe91370000 	C:\Program Files\JetBrains\PhpStorm 2020.3.3\jbr\bin\server\jvm.dll
0x00007fff14770000 - 0x00007fff1481c000 	C:\WINDOWS\System32\ADVAPI32.dll
0x00007fff134b0000 - 0x00007fff1354b000 	C:\WINDOWS\System32\sechost.dll
0x00007fff14820000 - 0x00007fff1494b000 	C:\WINDOWS\System32\RPCRT4.dll
0x00007fff144e0000 - 0x00007fff144e8000 	C:\WINDOWS\System32\PSAPI.DLL
0x00007ffef7740000 - 0x00007ffef7749000 	C:\WINDOWS\SYSTEM32\WSOCK32.dll
0x00007fff05090000 - 0x00007fff050b7000 	C:\WINDOWS\SYSTEM32\WINMM.dll
0x00007fff0bd20000 - 0x00007fff0bd2a000 	C:\WINDOWS\SYSTEM32\VERSION.dll
0x00007fff14620000 - 0x00007fff1468b000 	C:\WINDOWS\System32\WS2_32.dll
0x00007fff10280000 - 0x00007fff10292000 	C:\WINDOWS\SYSTEM32\kernel.appcore.dll
0x00007fff0e0a0000 - 0x00007fff0e0b1000 	C:\Program Files\JetBrains\PhpStorm 2020.3.3\jbr\bin\verify.dll
0x00007ffef8be0000 - 0x00007ffef8dc4000 	C:\WINDOWS\SYSTEM32\DBGHELP.DLL
0x00007ffef8900000 - 0x00007ffef892c000 	C:\WINDOWS\SYSTEM32\dbgcore.DLL
0x00007fff12410000 - 0x00007fff12490000 	C:\WINDOWS\System32\bcryptPrimitives.dll
0x00007fff0e070000 - 0x00007fff0e099000 	C:\Program Files\JetBrains\PhpStorm 2020.3.3\jbr\bin\java.dll
0x00007fff08d80000 - 0x00007fff08d8b000 	C:\Program Files\JetBrains\PhpStorm 2020.3.3\jbr\bin\jimage.dll
0x00007fff08d60000 - 0x00007fff08d78000 	C:\Program Files\JetBrains\PhpStorm 2020.3.3\jbr\bin\zip.dll

dbghelp: loaded successfully - version: 4.0.5 - missing functions: none
symbol engine: initialized successfully - sym options: 0x614 - pdb path: .;C:\Program Files\JetBrains\PhpStorm 2020.3.3\jbr\bin;C:\WINDOWS\SYSTEM32;C:\WINDOWS\WinSxS\amd64_microsoft.windows.common-controls_6595b64144ccf1df_6.0.19041.844_none_ca00b6081b84eb1d;C:\Program Files\JetBrains\PhpStorm 2020.3.3\jbr\bin\server

VM Arguments:
java_command: org.jetbrains.git4idea.http.GitAskPassApp Username for 'https://github.com': 
java_class_path (initial): C:/Program Files/JetBrains/PhpStorm 2020.3.3/plugins/git4idea/lib/git4idea-rt.jar;C:/Program Files/JetBrains/PhpStorm 2020.3.3/lib/xmlrpc-2.0.1.jar;C:/Program Files/JetBrains/PhpStorm 2020.3.3/lib/commons-codec-1.14.jar
Launcher Type: SUN_STANDARD

[Global flags]
     intx CICompilerCount                          = 4                                         {product} {ergonomic}
     uint ConcGCThreads                            = 2                                         {product} {ergonomic}
     uint G1ConcRefinementThreads                  = 8                                         {product} {ergonomic}
   size_t G1HeapRegionSize                         = 2097152                                   {product} {ergonomic}
    uintx GCDrainStackTargetSize                   = 64                                        {product} {ergonomic}
   size_t InitialHeapSize                          = 534773760                                 {product} {ergonomic}
   size_t MarkStackSize                            = 4194304                                   {product} {ergonomic}
   size_t MaxHeapSize                              = 8554283008                                {product} {ergonomic}
   size_t MinHeapDeltaBytes                        = 2097152                                   {product} {ergonomic}
    uintx NonNMethodCodeHeapSize                   = 5836300                                {pd product} {ergonomic}
    uintx NonProfiledCodeHeapSize                  = 122910970                              {pd product} {ergonomic}
    uintx ProfiledCodeHeapSize                     = 122910970                              {pd product} {ergonomic}
    uintx ReservedCodeCacheSize                    = 251658240                              {pd product} {ergonomic}
     bool SegmentedCodeCache                       = true                                      {product} {ergonomic}
     bool UseCompressedClassPointers               = true                                 {lp64_product} {ergonomic}
     bool UseCompressedOops                        = true                                 {lp64_product} {ergonomic}
     bool UseG1GC                                  = true                                      {product} {ergonomic}
     bool UseLargePagesIndividualAllocation        = false                                  {pd product} {ergonomic}

Logging:
Log output configuration:
 #0: stdout all=warning uptime,level,tags
 #1: stderr all=off uptime,level,tags

Environment Variables:
JAVA_HOME=C:\Program Files\Java\jdk-15.0.1
PATH=C:\Program Files\Git\mingw64\libexec\git-core;C:\Program Files\Git\mingw64\libexec\git-core;C:\Program Files\Git\mingw64\bin;C:\Program Files\Git\usr\bin;C:\Users\funzy\bin;E:\app\OracleHomeUser\product\12.2.0\dbhome_1\bin;C:\Program Files\Common Files\Oracle\Java\javapath;C:\Program Files (x86)\Intel\Intel(R) Management Engine Components\iCLS;C:\Program Files\Intel\Intel(R) Management Engine Components\iCLS;C:\Program Files (x86)\Razer Chroma SDK\bin;C:\Program Files\Razer Chroma SDK\bin;C:\Windows\system32;C:\Windows;C:\Windows\System32\Wbem;C:\Windows\System32\WindowsPowerShell\v1.0;C:\Windows\System32\OpenSSH;C:\Program Files (x86)\NVIDIA Corporation\PhysX\Common;C:\Program Files\PuTTY;C:\Users\funzy\AppData\Local\Microsoft\WindowsApps;C:\Users\funzy\AppData\Local\Programs\Microsoft VS Code\bin;C:\Program Files (x86)\Intel\Intel(R) Management Engine Components\DAL;C:\Program Files\Intel\Intel(R) Management Engine Components\DAL;C:\Program Files (x86)\Intel\Intel(R) Management Engine Components\IPT;C:\Program Files\Intel\Intel(R) Management Engine Components\IPT;C:\WINDOWS\system32;C:\WINDOWS;C:\WINDOWS\System32\Wbem;C:\WINDOWS\System32\WindowsPowerShell\v1.0;C:\WINDOWS\System32\OpenSSH;C:\Program Files (x86)\Microsoft SQL Server\150\DTS\Binn;C:\Program Files\Azure Data Studio\bin;C:\Program Files\Java\jdk-15.0.1\bin;C:\Program Files\Git\cmd;C:\Program Files\Microsoft SQL Server\Client SDK\ODBC\170\Tools\Binn;C:\Program Files (x86)\Microsoft SQL Server\150\Tools\Binn;C:\Program Files\Microsoft SQL Server\150\Tools\Binn;C:\Program Files\Microsoft SQL Server\150\DTS\Binn;C:\xampp\php;C:\ProgramData\ComposerSetup\bin;C:\Program Files\Microsoft SQL Server\130\Tools\Binn;C:\Program Files\Symfony;C:\Program Files (x86)\nodejs;C:\Users\funzy\AppData\Local\Microsoft\WindowsApps;C:\Users\funzy\AppData\Local\Programs\Microsoft VS Code\bin;C:\Program Files\Java\jdk-15.0.1\bin;C:\Program Files\Azure Data Studio\bin;C:\Program Files\JetBrains\WebStorm 2020.3.2\bin;C:\Users\
USERNAME=funzy
DISPLAY=:0.0
LC_ALL=en_US.UTF-8
OS=Windows_NT
PROCESSOR_IDENTIFIER=Intel64 Family 6 Model 158 Stepping 9, GenuineIntel



---------------  S Y S T E M  ---------------

OS: Windows 10 , 64 bit Build 19041 (10.0.19041.928)
OS uptime: 0 days 22:06 hours

CPU:total 8 (initial active 8) (4 cores per cpu, 2 threads per core) family 6 model 158 stepping 9 microcode 0xb4, cmov, cx8, fxsr, mmx, sse, sse2, sse3, ssse3, sse4.1, sse4.2, popcnt, avx, avx2, aes, clmul, erms, rtm, 3dnowpref, lzcnt, ht, tsc, tscinvbit, bmi1, bmi2, adx, fma

Memory: 4k page, system-wide physical 32629M (4787M free)
TotalPageFile size 62353M (AvailPageFile size 110M)
current process WorkingSet (physical memory assigned to process): 10M, peak: 10M
current process commit charge ("private bytes"): 60M, peak: 570M

vm_info: OpenJDK 64-Bit Server VM (11.0.10+8-b1145.96) for windows-amd64 JRE (11.0.10+8-b1145.96), built on Feb 18 2021 01:38:16 by "" with MS VC++ 14.0 (VS2015)

END.
